<?xml version="1.0" encoding="UTF-8"?>
<!-- Generated by org.testng.reporters.JUnitXMLReporter -->
<testsuite hostname="AKLSSINHA" ignored="0" name="Default test" tests="4" failures="0" timestamp="2020-08-18T12:22:02 NZST" time="67.656" errors="0">
  <testcase name="VerifyHomepageTitleTest" time="0.012" classname="com.qa.testcase.HomePageTest"/>
  <testcase name="VerifyUsernameLabelTest" time="0.084" classname="com.qa.testcase.HomePageTest"/>
  <testcase name="ClickOnDealsPagetest" time="0.136" classname="com.qa.testcase.HomePageTest"/>
  <testcase name="ClickonContactsPageTest" time="0.118" classname="com.qa.testcase.HomePageTest"/>
</testsuite> <!-- Default test -->
